<?xml version="1.0" encoding="UTF-8"?>
<testsuite name="NumbersToWordsTest" tests="7" skipped="0" failures="0" errors="0" timestamp="2016-07-07T04:32:09" hostname="Matthews-MBP-2.att.net" time="0.005">
  <properties/>
  <testcase name="numbersToWords_NumbersOver100_NumberOfHundreds" classname="NumbersToWordsTest" time="0.002"/>
  <testcase name="numbersToWords_NumbersOver20NotDivisibleBy10_TwoWordNumber" classname="NumbersToWordsTest" time="0.0"/>
  <testcase name="numbersToWords_NumbersOver20000_NumberOfTenThousands" classname="NumbersToWordsTest" time="0.0"/>
  <testcase name="numbersToWords_NumbersOver100000_NumberOfHundredThousands" classname="NumbersToWordsTest" time="0.001"/>
  <testcase name="numbersToWords_NumberLessThan20_SingleCorrespondingWord" classname="NumbersToWordsTest" time="0.0"/>
  <testcase name="numbersToWords_NumbersOver1000_NumberOfThousands" classname="NumbersToWordsTest" time="0.0"/>
  <testcase name="numbersToWords_Numbers20_30_40_50_60_70_80_90_SingleCorrespondingWord" classname="NumbersToWordsTest" time="0.0"/>
  <system-out><![CDATA[]]></system-out>
  <system-err><![CDATA[]]></system-err>
</testsuite>
