<?xml version="1.0" encoding="UTF-8"?>
<testsuite name="NumbersToWordsTest" tests="1" skipped="0" failures="0" errors="0" timestamp="2016-07-07T01:41:14" hostname="Matthews-MBP-2.att.net" time="0.002">
  <properties/>
  <testcase name="numbersToWords_NumberLessThan20_SingleCorrespondingWord" classname="NumbersToWordsTest" time="0.002"/>
  <system-out><![CDATA[]]></system-out>
  <system-err><![CDATA[]]></system-err>
</testsuite>
