<?xml version="1.0" encoding="UTF-8"?>
<testsuite name="ScrabbleTest" tests="1" skipped="0" failures="0" errors="0" timestamp="2016-07-06T03:28:20" hostname="Matthews-MBP-2.att.net" time="0.001">
  <properties/>
  <testcase name="scrabble_LetterValueOf1_ValueOfOne" classname="ScrabbleTest" time="0.001"/>
  <system-out><![CDATA[]]></system-out>
  <system-err><![CDATA[]]></system-err>
</testsuite>
