<?xml version="1.0" encoding="UTF-8"?>
<testsuite name="ScrabbleTest" tests="6" skipped="0" failures="0" errors="0" timestamp="2016-07-06T04:21:45" hostname="Matthews-MBP-2.att.net" time="0.005">
  <properties/>
  <testcase name="scrabble_LettersAEIOULNRST_ValueOfOne" classname="ScrabbleTest" time="0.002"/>
  <testcase name="scrabble_LettersFHVWY_ValueOf4" classname="ScrabbleTest" time="0.0"/>
  <testcase name="scrabble_LetterK_ValueOf5" classname="ScrabbleTest" time="0.0"/>
  <testcase name="scrabble_LettersJX_ValueOf8" classname="ScrabbleTest" time="0.001"/>
  <testcase name="scrabble_LettersBCMP_ValueOf3" classname="ScrabbleTest" time="0.0"/>
  <testcase name="scrabble_LettersDandG_ValueOf2" classname="ScrabbleTest" time="0.0"/>
  <system-out><![CDATA[]]></system-out>
  <system-err><![CDATA[]]></system-err>
</testsuite>
